{
  "/Users/wangyangyang/Downloads/code/paas-utils/src/typeJudgment/index.ts": {
    "path": "/Users/wangyangyang/Downloads/code/paas-utils/src/typeJudgment/index.ts",
    "statementMap": { "0": { "start": { "line": 6, "column": 2 }, "end": { "line": 6, "column": 35 } } },
    "fnMap": {
      "0": {
        "name": "isNumber",
        "decl": { "start": { "line": 5, "column": 16 }, "end": { "line": 5, "column": 24 } },
        "loc": { "start": { "line": 5, "column": 45 }, "end": { "line": 7, "column": 1 } },
        "line": 5
      }
    },
    "branchMap": {},
    "s": { "0": 8 },
    "f": { "0": 8 },
    "b": {},
    "_coverageSchema": "1a1c01bbd47fc00a2c39e90264f33305004495a9",
    "hash": "cd679d97654c3640798ed198d554d1f75b7f135d"
  }
}
